composeApp/build/intermediates/manifest_merge_blame_file/debug/processDebugMainManifest/manifest-merger-blame-debug-report.txt
1<?xml version="1.0" encoding="utf-8"?>
2<manifest xmlns:android="http://schemas.android.com/apk/res/android"
3    package="org.mohanned.rawdatyci_cdapp"
4    android:versionCode="1"
5    android:versionName="1.1" >
6
7    <uses-sdk
8        android:minSdkVersion="24"
9        android:targetSdkVersion="36" />
10
11    <uses-permission android:name="android.permission.INTERNET" />
11-->src\androidMain\AndroidManifest.xml:4:5-67
11-->src\androidMain\AndroidManifest.xml:4:22-64
12    <uses-permission android:name="android.permission.ACCESS_NETWORK_STATE" />
12-->src\androidMain\AndroidManifest.xml:5:5-79
12-->src\androidMain\AndroidManifest.xml:5:22-76
13
14    <permission
14-->[androidx.core:core:1.16.0] AndroidManifest.xml:22:5-24:47
15        android:name="org.mohanned.rawdatyci_cdapp.DYNAMIC_RECEIVER_NOT_EXPORTED_PERMISSION"
15-->[androidx.core:core:1.16.0] AndroidManifest.xml:23:9-81
16        android:protectionLevel="signature" />
16-->[androidx.core:core:1.16.0] AndroidManifest.xml:24:9-44
17
18    <uses-permission android:name="org.mohanned.rawdatyci_cdapp.DYNAMIC_RECEIVER_NOT_EXPORTED_PERMISSION" />
18-->[androidx.core:core:1.16.0] AndroidManifest.xml:26:5-97
18-->[androidx.core:core:1.16.0] AndroidManifest.xml:26:22-94
19
20    <application
20-->src\androidMain\AndroidManifest.xml:6:5-24:19
21        android:name="org.mohanned.rawdatyci_cdapp.RawdatyApplication"
21-->src\androidMain\AndroidManifest.xml:7:9-43
22        android:allowBackup="true"
22-->src\androidMain\AndroidManifest.xml:8:9-35
23        android:appComponentFactory="androidx.core.app.CoreComponentFactory"
23-->[androidx.core:core:1.16.0] AndroidManifest.xml:28:18-86
24        android:debuggable="true"
25        android:extractNativeLibs="false"
26        android:icon="@mipmap/ic_launcher"
26-->src\androidMain\AndroidManifest.xml:9:9-43
27        android:label="@string/app_name"
27-->src\androidMain\AndroidManifest.xml:10:9-41
28        android:roundIcon="@mipmap/ic_launcher_round"
28-->src\androidMain\AndroidManifest.xml:11:9-54
29        android:supportsRtl="true"
29-->src\androidMain\AndroidManifest.xml:12:9-35
30        android:testOnly="true"
31        android:theme="@android:style/Theme.Material.Light.NoActionBar"
31-->src\androidMain\AndroidManifest.xml:13:9-72
32        android:usesCleartextTraffic="true" >
32-->src\androidMain\AndroidManifest.xml:14:9-44
33        <activity
33-->src\androidMain\AndroidManifest.xml:15:9-23:20
34            android:name="org.mohanned.rawdatyci_cdapp.MainActivity"
34-->src\androidMain\AndroidManifest.xml:18:13-41
35            android:exported="true"
35-->src\androidMain\AndroidManifest.xml:16:13-36
36            android:windowSoftInputMode="adjustResize" >
36-->src\androidMain\AndroidManifest.xml:17:13-55
37            <intent-filter>
37-->src\androidMain\AndroidManifest.xml:19:13-22:29
38                <action android:name="android.intent.action.MAIN" />
38-->src\androidMain\AndroidManifest.xml:20:17-69
38-->src\androidMain\AndroidManifest.xml:20:25-66
39
40                <category android:name="android.intent.category.LAUNCHER" />
40-->src\androidMain\AndroidManifest.xml:21:17-77
40-->src\androidMain\AndroidManifest.xml:21:27-74
41            </intent-filter>
42        </activity>
43
44        <provider
44-->[org.jetbrains.compose.components:components-resources-android:1.10.0] AndroidManifest.xml:8:9-13:20
45            android:name="org.jetbrains.compose.resources.AndroidContextProvider"
45-->[org.jetbrains.compose.components:components-resources-android:1.10.0] AndroidManifest.xml:9:13-82
46            android:authorities="org.mohanned.rawdatyci_cdapp.resources.AndroidContextProvider"
46-->[org.jetbrains.compose.components:components-resources-android:1.10.0] AndroidManifest.xml:10:13-84
47            android:enabled="true"
47-->[org.jetbrains.compose.components:components-resources-android:1.10.0] AndroidManifest.xml:11:13-35
48            android:exported="false" >
48-->[org.jetbrains.compose.components:components-resources-android:1.10.0] AndroidManifest.xml:12:13-37
49        </provider>
50
51        <activity
51-->[androidx.compose.ui:ui-tooling-android:1.10.0] AndroidManifest.xml:23:9-25:39
52            android:name="androidx.compose.ui.tooling.PreviewActivity"
52-->[androidx.compose.ui:ui-tooling-android:1.10.0] AndroidManifest.xml:24:13-71
53            android:exported="true" />
53-->[androidx.compose.ui:ui-tooling-android:1.10.0] AndroidManifest.xml:25:13-36
54
55        <provider
55-->[androidx.emoji2:emoji2:1.4.0] AndroidManifest.xml:24:9-32:20
56            android:name="androidx.startup.InitializationProvider"
56-->[androidx.emoji2:emoji2:1.4.0] AndroidManifest.xml:25:13-67
57            android:authorities="org.mohanned.rawdatyci_cdapp.androidx-startup"
57-->[androidx.emoji2:emoji2:1.4.0] AndroidManifest.xml:26:13-68
58            android:exported="false" >
58-->[androidx.emoji2:emoji2:1.4.0] AndroidManifest.xml:27:13-37
59            <meta-data
59-->[androidx.emoji2:emoji2:1.4.0] AndroidManifest.xml:29:13-31:52
60                android:name="androidx.emoji2.text.EmojiCompatInitializer"
60-->[androidx.emoji2:emoji2:1.4.0] AndroidManifest.xml:30:17-75
61                android:value="androidx.startup" />
61-->[androidx.emoji2:emoji2:1.4.0] AndroidManifest.xml:31:17-49
62            <meta-data
62-->[androidx.lifecycle:lifecycle-process:2.9.4] AndroidManifest.xml:29:13-31:52
63                android:name="androidx.lifecycle.ProcessLifecycleInitializer"
63-->[androidx.lifecycle:lifecycle-process:2.9.4] AndroidManifest.xml:30:17-78
64                android:value="androidx.startup" />
64-->[androidx.lifecycle:lifecycle-process:2.9.4] AndroidManifest.xml:31:17-49
65            <meta-data
65-->[androidx.profileinstaller:profileinstaller:1.4.1] AndroidManifest.xml:29:13-31:52
66                android:name="androidx.profileinstaller.ProfileInstallerInitializer"
66-->[androidx.profileinstaller:profileinstaller:1.4.1] AndroidManifest.xml:30:17-85
67                android:value="androidx.startup" />
67-->[androidx.profileinstaller:profileinstaller:1.4.1] AndroidManifest.xml:31:17-49
68        </provider>
69
70        <uses-library
70-->[androidx.window:window:1.5.0] AndroidManifest.xml:23:9-25:40
71            android:name="androidx.window.extensions"
71-->[androidx.window:window:1.5.0] AndroidManifest.xml:24:13-54
72            android:required="false" />
72-->[androidx.window:window:1.5.0] AndroidManifest.xml:25:13-37
73        <uses-library
73-->[androidx.window:window:1.5.0] AndroidManifest.xml:26:9-28:40
74            android:name="androidx.window.sidecar"
74-->[androidx.window:window:1.5.0] AndroidManifest.xml:27:13-51
75            android:required="false" />
75-->[androidx.window:window:1.5.0] AndroidManifest.xml:28:13-37
76
77        <receiver
77-->[androidx.profileinstaller:profileinstaller:1.4.1] AndroidManifest.xml:34:9-52:20
78            android:name="androidx.profileinstaller.ProfileInstallReceiver"
78-->[androidx.profileinstaller:profileinstaller:1.4.1] AndroidManifest.xml:35:13-76
79            android:directBootAware="false"
79-->[androidx.profileinstaller:profileinstaller:1.4.1] AndroidManifest.xml:36:13-44
80            android:enabled="true"
80-->[androidx.profileinstaller:profileinstaller:1.4.1] AndroidManifest.xml:37:13-35
81            android:exported="true"
81-->[androidx.profileinstaller:profileinstaller:1.4.1] AndroidManifest.xml:38:13-36
82            android:permission="android.permission.DUMP" >
82-->[androidx.profileinstaller:profileinstaller:1.4.1] AndroidManifest.xml:39:13-57
83            <intent-filter>
83-->[androidx.profileinstaller:profileinstaller:1.4.1] AndroidManifest.xml:40:13-42:29
84                <action android:name="androidx.profileinstaller.action.INSTALL_PROFILE" />
84-->[androidx.profileinstaller:profileinstaller:1.4.1] AndroidManifest.xml:41:17-91
84-->[androidx.profileinstaller:profileinstaller:1.4.1] AndroidManifest.xml:41:25-88
85            </intent-filter>
86            <intent-filter>
86-->[androidx.profileinstaller:profileinstaller:1.4.1] AndroidManifest.xml:43:13-45:29
87                <action android:name="androidx.profileinstaller.action.SKIP_FILE" />
87-->[androidx.profileinstaller:profileinstaller:1.4.1] AndroidManifest.xml:44:17-85
87-->[androidx.profileinstaller:profileinstaller:1.4.1] AndroidManifest.xml:44:25-82
88            </intent-filter>
89            <intent-filter>
89-->[androidx.profileinstaller:profileinstaller:1.4.1] AndroidManifest.xml:46:13-48:29
90                <action android:name="androidx.profileinstaller.action.SAVE_PROFILE" />
90-->[androidx.profileinstaller:profileinstaller:1.4.1] AndroidManifest.xml:47:17-88
90-->[androidx.profileinstaller:profileinstaller:1.4.1] AndroidManifest.xml:47:25-85
91            </intent-filter>
92            <intent-filter>
92-->[androidx.profileinstaller:profileinstaller:1.4.1] AndroidManifest.xml:49:13-51:29
93                <action android:name="androidx.profileinstaller.action.BENCHMARK_OPERATION" />
93-->[androidx.profileinstaller:profileinstaller:1.4.1] AndroidManifest.xml:50:17-95
93-->[androidx.profileinstaller:profileinstaller:1.4.1] AndroidManifest.xml:50:25-92
94            </intent-filter>
95        </receiver>
96    </application>
97
98</manifest>